g:\git\utherm8\lektor\pc\pc\x64\debug\vc140.pdb
g:\git\utherm8\lektor\pc\pc\x64\debug\vc140.idb
g:\git\utherm8\lektor\pc\pc\x64\debug\lectormenu.nativecodeanalysis.xml
g:\git\utherm8\lektor\pc\pc\x64\debug\list.nativecodeanalysis.xml
g:\git\utherm8\lektor\pc\pc\x64\debug\source.nativecodeanalysis.xml
g:\git\utherm8\lektor\pc\pc\x64\debug\source1.nativecodeanalysis.xml
g:\git\utherm8\lektor\pc\pc\x64\debug\source1.obj
g:\git\utherm8\lektor\pc\pc\x64\debug\source.obj
g:\git\utherm8\lektor\pc\pc\x64\debug\list.obj
g:\git\utherm8\lektor\pc\pc\x64\debug\lectormenu.obj
g:\git\utherm8\lektor\pc\x64\debug\pc.ilk
g:\git\utherm8\lektor\pc\x64\debug\pc.exe
g:\git\utherm8\lektor\pc\x64\debug\pc.pdb
d:\uni\2.semester\projekt\utherm8 rep\utherm8\lektor\pc\pc\x64\debug\lectormenu.obj
d:\uni\2.semester\projekt\utherm8 rep\utherm8\lektor\pc\pc\x64\debug\list.obj
d:\uni\2.semester\projekt\utherm8 rep\utherm8\lektor\pc\pc\x64\debug\source.obj
d:\uni\2.semester\projekt\utherm8 rep\utherm8\lektor\pc\pc\x64\debug\source1.obj
d:\uni\2.semester\projekt\utherm8 rep\utherm8\lektor\pc\pc\x64\debug\nativecodeanalysis.read.1.tlog
d:\uni\2.semester\projekt\utherm8 rep\utherm8\lektor\pc\pc\x64\debug\vc140.idb
d:\uni\2.semester\projekt\utherm8 rep\utherm8\lektor\pc\pc\x64\debug\vc140.pdb
d:\uni\2.semester\projekt\utherm8 rep\utherm8\lektor\pc\pc\x64\debug\lectormenu.nativecodeanalysis.xml
d:\uni\2.semester\projekt\utherm8 rep\utherm8\lektor\pc\pc\x64\debug\list.nativecodeanalysis.xml
d:\uni\2.semester\projekt\utherm8 rep\utherm8\lektor\pc\pc\x64\debug\source.nativecodeanalysis.xml
d:\uni\2.semester\projekt\utherm8 rep\utherm8\lektor\pc\pc\x64\debug\source1.nativecodeanalysis.xml
d:\uni\2.semester\projekt\utherm8 rep\utherm8\lektor\pc\pc\x64\debug\vc.nativecodeanalysis.all.xml
d:\uni\2.semester\projekt\utherm8 rep\utherm8\lektor\pc\x64\debug\pc.pdb
d:\uni\2.semester\projekt\utherm8 rep\utherm8\lektor\pc\x64\debug\pc.exe
d:\uni\2.semester\projekt\utherm8 rep\utherm8\lektor\pc\x64\debug\pc.ilk
d:\uni\2.semester\projekt\utherm8 rep\utherm8\lektor\pc\x64\debug\pc.exe.lastcodeanalysissucceeded
d:\uni\2.semester\projekt\utherm8 rep\utherm8\lektor\pc\pc\x64\debug\pc.tlog\cl.command.1.tlog
d:\uni\2.semester\projekt\utherm8 rep\utherm8\lektor\pc\pc\x64\debug\pc.tlog\cl.read.1.tlog
d:\uni\2.semester\projekt\utherm8 rep\utherm8\lektor\pc\pc\x64\debug\pc.tlog\cl.write.1.tlog
d:\uni\2.semester\projekt\utherm8 rep\utherm8\lektor\pc\pc\x64\debug\pc.tlog\link.command.1.tlog
d:\uni\2.semester\projekt\utherm8 rep\utherm8\lektor\pc\pc\x64\debug\pc.tlog\link.read.1.tlog
d:\uni\2.semester\projekt\utherm8 rep\utherm8\lektor\pc\pc\x64\debug\pc.tlog\link.write.1.tlog
